<?xml version="1.0" encoding="UTF-8"?>
<testsuite name="StatementPrinterTests" tests="2" skipped="0" failures="0" errors="0" timestamp="2022-10-07T12:15:43" hostname="vm-etu-beallard1.local.isima.fr" time="0.608">
  <properties/>
  <testcase name="exampleStatement()" classname="StatementPrinterTests" time="0.584"/>
  <testcase name="statementWithNewPlayTypes()" classname="StatementPrinterTests" time="0.021"/>
  <system-out><![CDATA[]]></system-out>
  <system-err><![CDATA[]]></system-err>
</testsuite>
